2024-09-24 12:26:12,863 [Worker-5: Loading available Gradle versions] INFO  o.e.b.c.i.u.g.PublishedGradleVersions - Gradle version information cache is up-to-date. Trying to read.
2024-09-24 13:24:01,254 [Worker-24: Building] INFO  o.e.m.c.i.l.LifecycleMappingFactory - Using org.eclipse.m2e.jdt.JarLifecycleMapping lifecycle mapping for MavenProject: com.teleconnect:TeleconnectBackend:0.0.1-SNAPSHOT @ C:\Users\e031885\OneDrive - Telstra\Desktop\FinalProject\TeleconnectBackend\TeleconnectBackend\pom.xml.
2024-09-24 13:24:10,461 [Worker-24: Building] WARN  o.e.m.c.i.embedder.EclipseLogger - The POM for com.example:email-verification-app:jar:0.0.1-SNAPSHOT is missing, no dependency information available
2024-09-24 13:24:10,733 [Worker-24: Building] WARN  o.e.m.c.i.embedder.EclipseLogger - The artifact mysql:mysql-connector-java:jar:8.0.33 has been relocated to com.mysql:mysql-connector-j:jar:8.0.33: MySQL Connector/J artifacts moved to reverse-DNS compliant Maven 2+ coordinates.
2024-09-24 13:24:20,292 [Worker-24: Building] INFO  o.a.m.s.f.DefaultMavenResourcesFiltering - Copying 1 resource from src\main\resources to target\classes
2024-09-24 13:24:20,359 [Worker-24: Building] INFO  o.a.m.s.f.DefaultMavenResourcesFiltering - Copying 82 resources from src\main\resources to target\classes
2024-09-24 13:24:24,582 [Worker-24: Building] INFO  o.a.m.s.f.DefaultMavenResourcesFiltering - skip non existing resourceDirectory C:\Users\e031885\OneDrive - Telstra\Desktop\FinalProject\TeleconnectBackend\TeleconnectBackend\src\test\resources
2024-09-24 13:25:01,107 [Worker-21: Building] INFO  o.e.m.c.i.l.LifecycleMappingFactory - Using org.eclipse.m2e.jdt.JarLifecycleMapping lifecycle mapping for MavenProject: com.teleconnect:TeleconnectBackend:0.0.1-SNAPSHOT @ C:\Users\e031885\OneDrive - Telstra\Desktop\FinalProject\TeleconnectBackend\TeleconnectBackend\pom.xml.
2024-09-24 13:25:07,146 [Worker-21: Building] WARN  o.e.m.c.i.embedder.EclipseLogger - The artifact mysql:mysql-connector-java:jar:8.0.33 has been relocated to com.mysql:mysql-connector-j:jar:8.0.33: MySQL Connector/J artifacts moved to reverse-DNS compliant Maven 2+ coordinates.
2024-09-24 13:25:10,413 [Worker-21: Building] INFO  o.a.m.s.f.DefaultMavenResourcesFiltering - Copying 0 resource from src\main\resources to target\classes
2024-09-24 13:25:11,823 [Worker-21: Building] INFO  o.a.m.s.f.DefaultMavenResourcesFiltering - Copying 0 resource from src\main\resources to target\classes
2024-09-24 13:25:11,851 [Worker-21: Building] INFO  o.a.m.s.f.DefaultMavenResourcesFiltering - skip non existing resourceDirectory C:\Users\e031885\OneDrive - Telstra\Desktop\FinalProject\TeleconnectBackend\TeleconnectBackend\src\test\resources
2024-09-24 13:25:24,160 [Worker-4: Building] INFO  o.a.m.s.f.DefaultMavenResourcesFiltering - Copying 1 resource from src\main\resources to target\classes
2024-09-24 13:25:24,242 [Worker-4: Building] INFO  o.a.m.s.f.DefaultMavenResourcesFiltering - Copying 82 resources from src\main\resources to target\classes
2024-09-24 13:25:29,821 [Worker-4: Building] INFO  o.a.m.s.f.DefaultMavenResourcesFiltering - skip non existing resourceDirectory C:\Users\e031885\OneDrive - Telstra\Desktop\FinalProject\TeleconnectBackend\TeleconnectBackend\src\test\resources
2024-09-24 14:05:38,716 [Worker-45: Building] INFO  o.e.m.c.i.l.LifecycleMappingFactory - Using org.eclipse.m2e.jdt.JarLifecycleMapping lifecycle mapping for MavenProject: com.teleconnect:TeleconnectBackend:0.0.1-SNAPSHOT @ C:\Users\e031885\OneDrive - Telstra\Desktop\FinalProject\TeleconnectBackend\TeleconnectBackend\pom.xml.
2024-09-24 14:05:41,337 [Worker-45: Building] WARN  o.e.m.c.i.embedder.EclipseLogger - The artifact mysql:mysql-connector-java:jar:8.0.33 has been relocated to com.mysql:mysql-connector-j:jar:8.0.33: MySQL Connector/J artifacts moved to reverse-DNS compliant Maven 2+ coordinates.
2024-09-24 14:05:42,860 [Worker-45: Building] INFO  o.a.m.s.f.DefaultMavenResourcesFiltering - Copying 0 resource from src\main\resources to target\classes
2024-09-24 14:05:43,054 [Worker-45: Building] INFO  o.a.m.s.f.DefaultMavenResourcesFiltering - Copying 0 resource from src\main\resources to target\classes
2024-09-24 14:05:43,059 [Worker-45: Building] INFO  o.a.m.s.f.DefaultMavenResourcesFiltering - skip non existing resourceDirectory C:\Users\e031885\OneDrive - Telstra\Desktop\FinalProject\TeleconnectBackend\TeleconnectBackend\src\test\resources
2024-09-24 14:05:58,983 [Worker-47: Building] INFO  o.e.m.c.i.l.LifecycleMappingFactory - Using org.eclipse.m2e.jdt.JarLifecycleMapping lifecycle mapping for MavenProject: com.teleconnect:TeleconnectBackend:0.0.1-SNAPSHOT @ C:\Users\e031885\OneDrive - Telstra\Desktop\FinalProject\TeleconnectBackend\TeleconnectBackend\pom.xml.
2024-09-24 14:06:01,638 [Worker-47: Building] WARN  o.e.m.c.i.embedder.EclipseLogger - The artifact mysql:mysql-connector-java:jar:8.0.33 has been relocated to com.mysql:mysql-connector-j:jar:8.0.33: MySQL Connector/J artifacts moved to reverse-DNS compliant Maven 2+ coordinates.
2024-09-24 14:06:02,999 [Worker-47: Building] INFO  o.a.m.s.f.DefaultMavenResourcesFiltering - Copying 0 resource from src\main\resources to target\classes
2024-09-24 14:06:03,227 [Worker-47: Building] INFO  o.a.m.s.f.DefaultMavenResourcesFiltering - Copying 0 resource from src\main\resources to target\classes
2024-09-24 14:06:03,233 [Worker-47: Building] INFO  o.a.m.s.f.DefaultMavenResourcesFiltering - skip non existing resourceDirectory C:\Users\e031885\OneDrive - Telstra\Desktop\FinalProject\TeleconnectBackend\TeleconnectBackend\src\test\resources
2024-09-24 14:06:40,530 [Worker-48: Building] INFO  o.e.m.c.i.l.LifecycleMappingFactory - Using org.eclipse.m2e.jdt.JarLifecycleMapping lifecycle mapping for MavenProject: com.teleconnect:TeleconnectBackend:0.0.1-SNAPSHOT @ C:\Users\e031885\OneDrive - Telstra\Desktop\FinalProject\TeleconnectBackend\TeleconnectBackend\pom.xml.
2024-09-24 14:06:43,405 [Worker-48: Building] WARN  o.e.m.c.i.embedder.EclipseLogger - The artifact mysql:mysql-connector-java:jar:8.0.33 has been relocated to com.mysql:mysql-connector-j:jar:8.0.33: MySQL Connector/J artifacts moved to reverse-DNS compliant Maven 2+ coordinates.
2024-09-24 14:06:45,060 [Worker-48: Building] INFO  o.a.m.s.f.DefaultMavenResourcesFiltering - Copying 0 resource from src\main\resources to target\classes
2024-09-24 14:06:45,270 [Worker-48: Building] INFO  o.a.m.s.f.DefaultMavenResourcesFiltering - Copying 0 resource from src\main\resources to target\classes
2024-09-24 14:06:45,275 [Worker-48: Building] INFO  o.a.m.s.f.DefaultMavenResourcesFiltering - skip non existing resourceDirectory C:\Users\e031885\OneDrive - Telstra\Desktop\FinalProject\TeleconnectBackend\TeleconnectBackend\src\test\resources
2024-09-24 14:06:58,977 [Worker-47: Building] INFO  o.e.m.c.i.l.LifecycleMappingFactory - Using org.eclipse.m2e.jdt.JarLifecycleMapping lifecycle mapping for MavenProject: com.teleconnect:TeleconnectBackend:0.0.1-SNAPSHOT @ C:\Users\e031885\OneDrive - Telstra\Desktop\FinalProject\TeleconnectBackend\TeleconnectBackend\pom.xml.
2024-09-24 14:07:01,868 [Worker-47: Building] WARN  o.e.m.c.i.embedder.EclipseLogger - The artifact mysql:mysql-connector-java:jar:8.0.33 has been relocated to com.mysql:mysql-connector-j:jar:8.0.33: MySQL Connector/J artifacts moved to reverse-DNS compliant Maven 2+ coordinates.
2024-09-24 14:07:03,143 [Worker-47: Building] INFO  o.a.m.s.f.DefaultMavenResourcesFiltering - Copying 0 resource from src\main\resources to target\classes
2024-09-24 14:07:03,342 [Worker-47: Building] INFO  o.a.m.s.f.DefaultMavenResourcesFiltering - Copying 0 resource from src\main\resources to target\classes
2024-09-24 14:07:03,347 [Worker-47: Building] INFO  o.a.m.s.f.DefaultMavenResourcesFiltering - skip non existing resourceDirectory C:\Users\e031885\OneDrive - Telstra\Desktop\FinalProject\TeleconnectBackend\TeleconnectBackend\src\test\resources
2024-09-24 14:07:18,304 [Worker-49: Updating Maven Project] INFO  o.e.m.c.i.p.ProjectConfigurationManager - Update started
2024-09-24 14:07:20,106 [Worker-49: Updating Maven Project] INFO  o.e.m.c.i.l.LifecycleMappingFactory - Using org.eclipse.m2e.jdt.JarLifecycleMapping lifecycle mapping for MavenProject: com.teleconnect:TeleconnectBackend:0.0.1-SNAPSHOT @ C:\Users\e031885\OneDrive - Telstra\Desktop\FinalProject\TeleconnectBackend\TeleconnectBackend\pom.xml.
2024-09-24 14:07:22,368 [Worker-49: Updating Maven Project] WARN  o.e.m.c.i.embedder.EclipseLogger - The artifact mysql:mysql-connector-java:jar:8.0.33 has been relocated to com.mysql:mysql-connector-j:jar:8.0.33: MySQL Connector/J artifacts moved to reverse-DNS compliant Maven 2+ coordinates.
2024-09-24 14:07:23,409 [Worker-49: Updating Maven Project] INFO  o.e.m.j.i.AbstractJavaProjectConfigurator - Adding source folder /TeleconnectBackend/src/main/java
2024-09-24 14:07:23,411 [Worker-49: Updating Maven Project] INFO  o.e.m.j.i.AbstractJavaProjectConfigurator - Adding resource folder /TeleconnectBackend/src/main/resources
2024-09-24 14:07:23,429 [Worker-49: Updating Maven Project] INFO  o.e.m.j.i.AbstractJavaProjectConfigurator - Adding resource folder /TeleconnectBackend/src/main/resources
2024-09-24 14:07:23,445 [Worker-49: Updating Maven Project] INFO  o.e.m.j.i.AbstractJavaProjectConfigurator - Adding source folder /TeleconnectBackend/src/test/java
2024-09-24 14:07:23,447 [Worker-49: Updating Maven Project] INFO  o.e.m.j.i.AbstractJavaProjectConfigurator - Adding resource folder /TeleconnectBackend/src/test/resources
2024-09-24 14:07:25,687 [Worker-49: Updating Maven Project] INFO  o.e.m.c.i.p.ProjectConfigurationManager - Update completed for 1 poms: local refresh takes 0.00 sec, refresh facades takes 4.00 sec, update config takes 1.00 sec 
2024-09-24 14:07:30,533 [Worker-89: Building] INFO  o.a.m.s.f.DefaultMavenResourcesFiltering - Copying 1 resource from src\main\resources to target\classes
2024-09-24 14:07:30,581 [Worker-89: Building] INFO  o.a.m.s.f.DefaultMavenResourcesFiltering - Copying 82 resources from src\main\resources to target\classes
2024-09-24 14:07:33,889 [Worker-89: Building] INFO  o.a.m.s.f.DefaultMavenResourcesFiltering - skip non existing resourceDirectory C:\Users\e031885\OneDrive - Telstra\Desktop\FinalProject\TeleconnectBackend\TeleconnectBackend\src\test\resources
2024-09-24 15:29:58,491 [Worker-136: Building] INFO  o.a.m.s.f.DefaultMavenResourcesFiltering - Copying 1 resource from src\main\resources to target\classes
2024-09-24 15:29:58,542 [Worker-136: Building] INFO  o.a.m.s.f.DefaultMavenResourcesFiltering - Copying 82 resources from src\main\resources to target\classes
2024-09-24 15:29:59,100 [Worker-136: Building] INFO  o.a.m.s.f.DefaultMavenResourcesFiltering - skip non existing resourceDirectory C:\Users\e031885\OneDrive - Telstra\Desktop\FinalProject\TeleconnectBackend\TeleconnectBackend\src\test\resources
2024-09-24 15:37:30,527 [Worker-7: Loading available Gradle versions] INFO  o.e.b.c.i.u.g.PublishedGradleVersions - Gradle version information cache is up-to-date. Trying to read.
2024-09-24 15:38:34,752 [Worker-4: Loading available Gradle versions] INFO  o.e.b.c.i.u.g.PublishedGradleVersions - Gradle version information cache is up-to-date. Trying to read.
2024-09-24 15:39:09,905 [Worker-6: Building] WARN  o.e.m.c.i.embedder.EclipseLogger - The artifact mysql:mysql-connector-java:jar:8.0.33 has been relocated to com.mysql:mysql-connector-j:jar:8.0.33: MySQL Connector/J artifacts moved to reverse-DNS compliant Maven 2+ coordinates.
2024-09-24 15:39:10,749 [Worker-6: Building] INFO  o.a.m.s.f.DefaultMavenResourcesFiltering - Copying 1 resource from src\main\resources to target\classes
2024-09-24 15:39:10,778 [Worker-6: Building] INFO  o.a.m.s.f.DefaultMavenResourcesFiltering - Copying 82 resources from src\main\resources to target\classes
2024-09-24 15:39:11,828 [Worker-6: Building] INFO  o.a.m.s.f.DefaultMavenResourcesFiltering - skip non existing resourceDirectory C:\Users\e031885\OneDrive - Telstra\Desktop\FinalProject\TeleconnectBackend\TeleconnectBackend\src\test\resources
2024-09-24 19:07:33,457 [Worker-2: Loading available Gradle versions] INFO  o.e.b.c.i.u.g.PublishedGradleVersions - Gradle version information cache is up-to-date. Trying to read.
2024-09-24 19:08:12,387 [Worker-10: Check for devtools] WARN  o.e.m.c.i.embedder.EclipseLogger - The artifact mysql:mysql-connector-java:jar:8.0.33 has been relocated to com.mysql:mysql-connector-j:jar:8.0.33: MySQL Connector/J artifacts moved to reverse-DNS compliant Maven 2+ coordinates.
2024-09-24 19:14:42,267 [Worker-20: Building] INFO  o.e.m.c.i.l.LifecycleMappingFactory - Using org.eclipse.m2e.jdt.JarLifecycleMapping lifecycle mapping for MavenProject: com.teleconnect:TeleconnectBackend:0.0.1-SNAPSHOT @ C:\Users\e031885\OneDrive - Telstra\Desktop\FinalProject\TeleconnectBackend\TeleconnectBackend\pom.xml.
2024-09-24 19:14:45,730 [Worker-20: Building] WARN  o.e.m.c.i.embedder.EclipseLogger - The artifact mysql:mysql-connector-java:jar:8.0.33 has been relocated to com.mysql:mysql-connector-j:jar:8.0.33: MySQL Connector/J artifacts moved to reverse-DNS compliant Maven 2+ coordinates.
2024-09-24 19:14:47,583 [Worker-20: Building] INFO  o.a.m.s.f.DefaultMavenResourcesFiltering - Copying 1 resource from src\main\resources to target\classes
2024-09-24 19:14:47,625 [Worker-20: Building] INFO  o.a.m.s.f.DefaultMavenResourcesFiltering - Copying 82 resources from src\main\resources to target\classes
2024-09-24 19:14:48,374 [Worker-20: Building] INFO  o.a.m.s.f.DefaultMavenResourcesFiltering - skip non existing resourceDirectory C:\Users\e031885\OneDrive - Telstra\Desktop\FinalProject\TeleconnectBackend\TeleconnectBackend\src\test\resources
2024-09-24 19:15:10,566 [Worker-1: Building] INFO  o.e.m.c.i.l.LifecycleMappingFactory - Using org.eclipse.m2e.jdt.JarLifecycleMapping lifecycle mapping for MavenProject: com.teleconnect:TeleconnectBackend:0.0.1-SNAPSHOT @ C:\Users\e031885\OneDrive - Telstra\Desktop\FinalProject\TeleconnectBackend\TeleconnectBackend\pom.xml.
2024-09-24 19:15:14,174 [Worker-1: Building] WARN  o.e.m.c.i.embedder.EclipseLogger - The artifact mysql:mysql-connector-java:jar:8.0.33 has been relocated to com.mysql:mysql-connector-j:jar:8.0.33: MySQL Connector/J artifacts moved to reverse-DNS compliant Maven 2+ coordinates.
2024-09-24 19:15:16,010 [Worker-1: Building] INFO  o.a.m.s.f.DefaultMavenResourcesFiltering - Copying 0 resource from src\main\resources to target\classes
2024-09-24 19:15:16,432 [Worker-1: Building] INFO  o.a.m.s.f.DefaultMavenResourcesFiltering - Copying 0 resource from src\main\resources to target\classes
2024-09-24 19:15:16,441 [Worker-1: Building] INFO  o.a.m.s.f.DefaultMavenResourcesFiltering - skip non existing resourceDirectory C:\Users\e031885\OneDrive - Telstra\Desktop\FinalProject\TeleconnectBackend\TeleconnectBackend\src\test\resources
2024-09-24 19:15:21,530 [main] INFO  o.e.m2e.actions.ExecutePomAction - Creating new launch configuration
2024-09-24 19:15:45,170 [Worker-17: Launching cleanpackage] INFO  o.eclipse.m2e.core.internal.Bundles - getClasspathEntries(Bundle=org.eclipse.m2e.maven.runtime_3.9.700.20240602-2313 [359])
2024-09-24 19:15:45,188 [Worker-17: Launching cleanpackage] INFO  o.eclipse.m2e.core.internal.Bundles - 	Entry: C:\sts-4.24.0.RELEASE\plugins\org.eclipse.m2e.maven.runtime_3.9.700.20240602-2313
2024-09-24 19:15:45,188 [Worker-17: Launching cleanpackage] INFO  o.eclipse.m2e.core.internal.Bundles - 	Entry: C:\sts-4.24.0.RELEASE\plugins\org.eclipse.m2e.maven.runtime_3.9.700.20240602-2313\jars\aopalliance-1.0.jar
2024-09-24 19:15:45,189 [Worker-17: Launching cleanpackage] INFO  o.eclipse.m2e.core.internal.Bundles - 	Entry: C:\sts-4.24.0.RELEASE\plugins\org.eclipse.m2e.maven.runtime_3.9.700.20240602-2313\jars\guice-5.1.0.jar
2024-09-24 19:15:45,189 [Worker-17: Launching cleanpackage] INFO  o.eclipse.m2e.core.internal.Bundles - 	Entry: C:\sts-4.24.0.RELEASE\plugins\org.eclipse.m2e.maven.runtime_3.9.700.20240602-2313\jars\httpclient-4.5.14.jar
2024-09-24 19:15:45,190 [Worker-17: Launching cleanpackage] INFO  o.eclipse.m2e.core.internal.Bundles - 	Entry: C:\sts-4.24.0.RELEASE\plugins\org.eclipse.m2e.maven.runtime_3.9.700.20240602-2313\jars\httpcore-4.4.16.jar
2024-09-24 19:15:45,190 [Worker-17: Launching cleanpackage] INFO  o.eclipse.m2e.core.internal.Bundles - 	Entry: C:\sts-4.24.0.RELEASE\plugins\org.eclipse.m2e.maven.runtime_3.9.700.20240602-2313\jars\jansi-2.4.1.jar
2024-09-24 19:15:45,191 [Worker-17: Launching cleanpackage] INFO  o.eclipse.m2e.core.internal.Bundles - 	Entry: C:\sts-4.24.0.RELEASE\plugins\org.eclipse.m2e.maven.runtime_3.9.700.20240602-2313\jars\jcl-over-slf4j-1.7.36.jar
2024-09-24 19:15:45,192 [Worker-17: Launching cleanpackage] INFO  o.eclipse.m2e.core.internal.Bundles - 	Entry: C:\sts-4.24.0.RELEASE\plugins\org.eclipse.m2e.maven.runtime_3.9.700.20240602-2313\jars\maven-artifact-3.9.7.jar
2024-09-24 19:15:45,192 [Worker-17: Launching cleanpackage] INFO  o.eclipse.m2e.core.internal.Bundles - 	Entry: C:\sts-4.24.0.RELEASE\plugins\org.eclipse.m2e.maven.runtime_3.9.700.20240602-2313\jars\maven-builder-support-3.9.7.jar
2024-09-24 19:15:45,192 [Worker-17: Launching cleanpackage] INFO  o.eclipse.m2e.core.internal.Bundles - 	Entry: C:\sts-4.24.0.RELEASE\plugins\org.eclipse.m2e.maven.runtime_3.9.700.20240602-2313\jars\maven-compat-3.9.7.jar
2024-09-24 19:15:45,193 [Worker-17: Launching cleanpackage] INFO  o.eclipse.m2e.core.internal.Bundles - 	Entry: C:\sts-4.24.0.RELEASE\plugins\org.eclipse.m2e.maven.runtime_3.9.700.20240602-2313\jars\maven-core-3.9.7.jar
2024-09-24 19:15:45,193 [Worker-17: Launching cleanpackage] INFO  o.eclipse.m2e.core.internal.Bundles - 	Entry: C:\sts-4.24.0.RELEASE\plugins\org.eclipse.m2e.maven.runtime_3.9.700.20240602-2313\jars\maven-embedder-3.9.7.jar
2024-09-24 19:15:45,194 [Worker-17: Launching cleanpackage] INFO  o.eclipse.m2e.core.internal.Bundles - 	Entry: C:\sts-4.24.0.RELEASE\plugins\org.eclipse.m2e.maven.runtime_3.9.700.20240602-2313\jars\maven-model-3.9.7.jar
2024-09-24 19:15:45,194 [Worker-17: Launching cleanpackage] INFO  o.eclipse.m2e.core.internal.Bundles - 	Entry: C:\sts-4.24.0.RELEASE\plugins\org.eclipse.m2e.maven.runtime_3.9.700.20240602-2313\jars\maven-model-builder-3.9.7.jar
2024-09-24 19:15:45,195 [Worker-17: Launching cleanpackage] INFO  o.eclipse.m2e.core.internal.Bundles - 	Entry: C:\sts-4.24.0.RELEASE\plugins\org.eclipse.m2e.maven.runtime_3.9.700.20240602-2313\jars\maven-plugin-api-3.9.7.jar
2024-09-24 19:15:45,195 [Worker-17: Launching cleanpackage] INFO  o.eclipse.m2e.core.internal.Bundles - 	Entry: C:\sts-4.24.0.RELEASE\plugins\org.eclipse.m2e.maven.runtime_3.9.700.20240602-2313\jars\maven-repository-metadata-3.9.7.jar
2024-09-24 19:15:45,195 [Worker-17: Launching cleanpackage] INFO  o.eclipse.m2e.core.internal.Bundles - 	Entry: C:\sts-4.24.0.RELEASE\plugins\org.eclipse.m2e.maven.runtime_3.9.700.20240602-2313\jars\maven-resolver-api-1.9.20.jar
2024-09-24 19:15:45,196 [Worker-17: Launching cleanpackage] INFO  o.eclipse.m2e.core.internal.Bundles - 	Entry: C:\sts-4.24.0.RELEASE\plugins\org.eclipse.m2e.maven.runtime_3.9.700.20240602-2313\jars\maven-resolver-connector-basic-1.9.20.jar
2024-09-24 19:15:45,196 [Worker-17: Launching cleanpackage] INFO  o.eclipse.m2e.core.internal.Bundles - 	Entry: C:\sts-4.24.0.RELEASE\plugins\org.eclipse.m2e.maven.runtime_3.9.700.20240602-2313\jars\maven-resolver-impl-1.9.20.jar
2024-09-24 19:15:45,196 [Worker-17: Launching cleanpackage] INFO  o.eclipse.m2e.core.internal.Bundles - 	Entry: C:\sts-4.24.0.RELEASE\plugins\org.eclipse.m2e.maven.runtime_3.9.700.20240602-2313\jars\maven-resolver-named-locks-1.9.20.jar
2024-09-24 19:15:45,197 [Worker-17: Launching cleanpackage] INFO  o.eclipse.m2e.core.internal.Bundles - 	Entry: C:\sts-4.24.0.RELEASE\plugins\org.eclipse.m2e.maven.runtime_3.9.700.20240602-2313\jars\maven-resolver-provider-3.9.7.jar
2024-09-24 19:15:45,197 [Worker-17: Launching cleanpackage] INFO  o.eclipse.m2e.core.internal.Bundles - 	Entry: C:\sts-4.24.0.RELEASE\plugins\org.eclipse.m2e.maven.runtime_3.9.700.20240602-2313\jars\maven-resolver-spi-1.9.20.jar
2024-09-24 19:15:45,198 [Worker-17: Launching cleanpackage] INFO  o.eclipse.m2e.core.internal.Bundles - 	Entry: C:\sts-4.24.0.RELEASE\plugins\org.eclipse.m2e.maven.runtime_3.9.700.20240602-2313\jars\maven-resolver-transport-file-1.9.20.jar
2024-09-24 19:15:45,198 [Worker-17: Launching cleanpackage] INFO  o.eclipse.m2e.core.internal.Bundles - 	Entry: C:\sts-4.24.0.RELEASE\plugins\org.eclipse.m2e.maven.runtime_3.9.700.20240602-2313\jars\maven-resolver-transport-http-1.9.20.jar
2024-09-24 19:15:45,199 [Worker-17: Launching cleanpackage] INFO  o.eclipse.m2e.core.internal.Bundles - 	Entry: C:\sts-4.24.0.RELEASE\plugins\org.eclipse.m2e.maven.runtime_3.9.700.20240602-2313\jars\maven-resolver-transport-wagon-1.9.20.jar
2024-09-24 19:15:45,199 [Worker-17: Launching cleanpackage] INFO  o.eclipse.m2e.core.internal.Bundles - 	Entry: C:\sts-4.24.0.RELEASE\plugins\org.eclipse.m2e.maven.runtime_3.9.700.20240602-2313\jars\maven-resolver-util-1.9.20.jar
2024-09-24 19:15:45,199 [Worker-17: Launching cleanpackage] INFO  o.eclipse.m2e.core.internal.Bundles - 	Entry: C:\sts-4.24.0.RELEASE\plugins\org.eclipse.m2e.maven.runtime_3.9.700.20240602-2313\jars\maven-settings-3.9.7.jar
2024-09-24 19:15:45,200 [Worker-17: Launching cleanpackage] INFO  o.eclipse.m2e.core.internal.Bundles - 	Entry: C:\sts-4.24.0.RELEASE\plugins\org.eclipse.m2e.maven.runtime_3.9.700.20240602-2313\jars\maven-settings-builder-3.9.7.jar
2024-09-24 19:15:45,200 [Worker-17: Launching cleanpackage] INFO  o.eclipse.m2e.core.internal.Bundles - 	Entry: C:\sts-4.24.0.RELEASE\plugins\org.eclipse.m2e.maven.runtime_3.9.700.20240602-2313\jars\maven-shared-utils-3.4.2.jar
2024-09-24 19:15:45,201 [Worker-17: Launching cleanpackage] INFO  o.eclipse.m2e.core.internal.Bundles - 	Entry: C:\sts-4.24.0.RELEASE\plugins\org.eclipse.m2e.maven.runtime_3.9.700.20240602-2313\jars\org.eclipse.sisu.inject-0.9.0.M2.jar
2024-09-24 19:15:45,201 [Worker-17: Launching cleanpackage] INFO  o.eclipse.m2e.core.internal.Bundles - 	Entry: C:\sts-4.24.0.RELEASE\plugins\org.eclipse.m2e.maven.runtime_3.9.700.20240602-2313\jars\org.eclipse.sisu.plexus-0.9.0.M2.jar
2024-09-24 19:15:45,201 [Worker-17: Launching cleanpackage] INFO  o.eclipse.m2e.core.internal.Bundles - 	Entry: C:\sts-4.24.0.RELEASE\plugins\org.eclipse.m2e.maven.runtime_3.9.700.20240602-2313\jars\plexus-build-api-0.0.7.jar
2024-09-24 19:15:45,202 [Worker-17: Launching cleanpackage] INFO  o.eclipse.m2e.core.internal.Bundles - 	Entry: C:\sts-4.24.0.RELEASE\plugins\org.eclipse.m2e.maven.runtime_3.9.700.20240602-2313\jars\plexus-build-api-1.2.0.jar
2024-09-24 19:15:45,202 [Worker-17: Launching cleanpackage] INFO  o.eclipse.m2e.core.internal.Bundles - 	Entry: C:\sts-4.24.0.RELEASE\plugins\org.eclipse.m2e.maven.runtime_3.9.700.20240602-2313\jars\plexus-cipher-2.0.jar
2024-09-24 19:15:45,203 [Worker-17: Launching cleanpackage] INFO  o.eclipse.m2e.core.internal.Bundles - 	Entry: C:\sts-4.24.0.RELEASE\plugins\org.eclipse.m2e.maven.runtime_3.9.700.20240602-2313\jars\plexus-classworlds-2.8.0.jar
2024-09-24 19:15:45,203 [Worker-17: Launching cleanpackage] INFO  o.eclipse.m2e.core.internal.Bundles - 	Entry: C:\sts-4.24.0.RELEASE\plugins\org.eclipse.m2e.maven.runtime_3.9.700.20240602-2313\jars\plexus-component-annotations-2.1.0.jar
2024-09-24 19:15:45,203 [Worker-17: Launching cleanpackage] INFO  o.eclipse.m2e.core.internal.Bundles - 	Entry: C:\sts-4.24.0.RELEASE\plugins\org.eclipse.m2e.maven.runtime_3.9.700.20240602-2313\jars\plexus-interpolation-1.27.jar
2024-09-24 19:15:45,204 [Worker-17: Launching cleanpackage] INFO  o.eclipse.m2e.core.internal.Bundles - 	Entry: C:\sts-4.24.0.RELEASE\plugins\org.eclipse.m2e.maven.runtime_3.9.700.20240602-2313\jars\plexus-sec-dispatcher-2.0.jar
2024-09-24 19:15:45,204 [Worker-17: Launching cleanpackage] INFO  o.eclipse.m2e.core.internal.Bundles - 	Entry: C:\sts-4.24.0.RELEASE\plugins\org.eclipse.m2e.maven.runtime_3.9.700.20240602-2313\jars\plexus-utils-3.5.1.jar
2024-09-24 19:15:45,204 [Worker-17: Launching cleanpackage] INFO  o.eclipse.m2e.core.internal.Bundles - 	Entry: C:\sts-4.24.0.RELEASE\plugins\org.eclipse.m2e.maven.runtime_3.9.700.20240602-2313\jars\wagon-file-3.5.3.jar
2024-09-24 19:15:45,205 [Worker-17: Launching cleanpackage] INFO  o.eclipse.m2e.core.internal.Bundles - 	Entry: C:\sts-4.24.0.RELEASE\plugins\org.eclipse.m2e.maven.runtime_3.9.700.20240602-2313\jars\wagon-http-3.5.3.jar
2024-09-24 19:15:45,205 [Worker-17: Launching cleanpackage] INFO  o.eclipse.m2e.core.internal.Bundles - 	Entry: C:\sts-4.24.0.RELEASE\plugins\org.eclipse.m2e.maven.runtime_3.9.700.20240602-2313\jars\wagon-http-shared-3.5.3.jar
2024-09-24 19:15:45,206 [Worker-17: Launching cleanpackage] INFO  o.eclipse.m2e.core.internal.Bundles - 	Entry: C:\sts-4.24.0.RELEASE\plugins\org.eclipse.m2e.maven.runtime_3.9.700.20240602-2313\jars\wagon-provider-api-3.5.3.jar
2024-09-24 19:15:45,210 [Worker-17: Launching cleanpackage] INFO  o.eclipse.m2e.core.internal.Bundles - getClasspathEntries(Bundle=com.google.guava_33.2.0.jre [29])
2024-09-24 19:15:45,211 [Worker-17: Launching cleanpackage] INFO  o.eclipse.m2e.core.internal.Bundles - 	Entry: C:\sts-4.24.0.RELEASE\plugins\com.google.guava_33.2.0.jre.jar
2024-09-24 19:15:45,211 [Worker-17: Launching cleanpackage] INFO  o.eclipse.m2e.core.internal.Bundles - getClasspathEntries(Bundle=slf4j.api_2.0.13 [592])
2024-09-24 19:15:45,212 [Worker-17: Launching cleanpackage] INFO  o.eclipse.m2e.core.internal.Bundles - 	Entry: C:\sts-4.24.0.RELEASE\plugins\slf4j.api_2.0.13.jar
2024-09-24 19:15:45,212 [Worker-17: Launching cleanpackage] INFO  o.eclipse.m2e.core.internal.Bundles - getClasspathEntries(Bundle=jakarta.inject.jakarta.inject-api_1.0.5 [44])
2024-09-24 19:15:45,212 [Worker-17: Launching cleanpackage] INFO  o.eclipse.m2e.core.internal.Bundles - 	Entry: C:\sts-4.24.0.RELEASE\plugins\jakarta.inject.jakarta.inject-api_1.0.5.jar
2024-09-24 19:15:45,213 [Worker-17: Launching cleanpackage] INFO  o.eclipse.m2e.core.internal.Bundles - getClasspathEntries(Bundle=javax.annotation_1.3.5.v20200909-1856 [53])
2024-09-24 19:15:45,213 [Worker-17: Launching cleanpackage] INFO  o.eclipse.m2e.core.internal.Bundles - 	Entry: C:\sts-4.24.0.RELEASE\plugins\javax.annotation_1.3.5.v20200909-1856.jar
2024-09-24 19:15:45,213 [Worker-17: Launching cleanpackage] INFO  o.eclipse.m2e.core.internal.Bundles - getClasspathEntries(Bundle=org.apache.commons.cli_1.8.0 [76])
2024-09-24 19:15:45,214 [Worker-17: Launching cleanpackage] INFO  o.eclipse.m2e.core.internal.Bundles - 	Entry: C:\sts-4.24.0.RELEASE\plugins\org.apache.commons.cli_1.8.0.jar
2024-09-24 19:15:45,214 [Worker-17: Launching cleanpackage] INFO  o.eclipse.m2e.core.internal.Bundles - getClasspathEntries(Bundle=org.apache.commons.commons-codec_1.16.0 [78])
2024-09-24 19:15:45,215 [Worker-17: Launching cleanpackage] INFO  o.eclipse.m2e.core.internal.Bundles - 	Entry: C:\sts-4.24.0.RELEASE\plugins\org.apache.commons.commons-codec_1.16.0.jar
2024-09-24 19:15:45,215 [Worker-17: Launching cleanpackage] INFO  o.eclipse.m2e.core.internal.Bundles - getClasspathEntries(Bundle=org.apache.commons.lang3_3.14.0 [82])
2024-09-24 19:15:45,216 [Worker-17: Launching cleanpackage] INFO  o.eclipse.m2e.core.internal.Bundles - 	Entry: C:\sts-4.24.0.RELEASE\plugins\org.apache.commons.lang3_3.14.0.jar
2024-09-24 19:15:45,216 [Worker-17: Launching cleanpackage] INFO  o.eclipse.m2e.core.internal.Bundles - getClasspathEntries(Bundle=com.google.guava.failureaccess_1.0.2 [30])
2024-09-24 19:15:45,216 [Worker-17: Launching cleanpackage] INFO  o.eclipse.m2e.core.internal.Bundles - 	Entry: C:\sts-4.24.0.RELEASE\plugins\com.google.guava.failureaccess_1.0.2.jar
2024-09-24 19:15:45,242 [Worker-17: Launching cleanpackage] INFO  o.e.m.i.launch.MavenLaunchDelegate - Run build in "C:\Users\e031885\OneDrive - Telstra\Desktop\FinalProject\TeleconnectBackend\TeleconnectBackend":
2024-09-24 19:15:45,275 [Worker-17: Launching cleanpackage] INFO  o.e.m.i.launch.MavenLaunchDelegate -  mvn  -B -Dstyle.color=always clean package
2024-09-24 19:21:42,744 [Worker-24: Building] INFO  o.a.m.s.f.DefaultMavenResourcesFiltering - Copying 0 resource from src\main\resources to target\classes
2024-09-24 19:21:43,020 [Worker-24: Building] INFO  o.a.m.s.f.DefaultMavenResourcesFiltering - Copying 0 resource from src\main\resources to target\classes
2024-09-24 19:21:43,028 [Worker-24: Building] INFO  o.a.m.s.f.DefaultMavenResourcesFiltering - skip non existing resourceDirectory C:\Users\e031885\OneDrive - Telstra\Desktop\FinalProject\TeleconnectBackend\TeleconnectBackend\src\test\resources
2024-09-24 19:22:00,901 [Worker-20: Launching cleanpackage] INFO  o.eclipse.m2e.core.internal.Bundles - getClasspathEntries(Bundle=org.eclipse.m2e.maven.runtime_3.9.700.20240602-2313 [359])
2024-09-24 19:22:00,907 [Worker-20: Launching cleanpackage] INFO  o.eclipse.m2e.core.internal.Bundles - 	Entry: C:\sts-4.24.0.RELEASE\plugins\org.eclipse.m2e.maven.runtime_3.9.700.20240602-2313
2024-09-24 19:22:00,908 [Worker-20: Launching cleanpackage] INFO  o.eclipse.m2e.core.internal.Bundles - 	Entry: C:\sts-4.24.0.RELEASE\plugins\org.eclipse.m2e.maven.runtime_3.9.700.20240602-2313\jars\aopalliance-1.0.jar
2024-09-24 19:22:00,908 [Worker-20: Launching cleanpackage] INFO  o.eclipse.m2e.core.internal.Bundles - 	Entry: C:\sts-4.24.0.RELEASE\plugins\org.eclipse.m2e.maven.runtime_3.9.700.20240602-2313\jars\guice-5.1.0.jar
2024-09-24 19:22:00,908 [Worker-20: Launching cleanpackage] INFO  o.eclipse.m2e.core.internal.Bundles - 	Entry: C:\sts-4.24.0.RELEASE\plugins\org.eclipse.m2e.maven.runtime_3.9.700.20240602-2313\jars\httpclient-4.5.14.jar
2024-09-24 19:22:00,908 [Worker-20: Launching cleanpackage] INFO  o.eclipse.m2e.core.internal.Bundles - 	Entry: C:\sts-4.24.0.RELEASE\plugins\org.eclipse.m2e.maven.runtime_3.9.700.20240602-2313\jars\httpcore-4.4.16.jar
2024-09-24 19:22:00,908 [Worker-20: Launching cleanpackage] INFO  o.eclipse.m2e.core.internal.Bundles - 	Entry: C:\sts-4.24.0.RELEASE\plugins\org.eclipse.m2e.maven.runtime_3.9.700.20240602-2313\jars\jansi-2.4.1.jar
2024-09-24 19:22:00,909 [Worker-20: Launching cleanpackage] INFO  o.eclipse.m2e.core.internal.Bundles - 	Entry: C:\sts-4.24.0.RELEASE\plugins\org.eclipse.m2e.maven.runtime_3.9.700.20240602-2313\jars\jcl-over-slf4j-1.7.36.jar
2024-09-24 19:22:00,909 [Worker-20: Launching cleanpackage] INFO  o.eclipse.m2e.core.internal.Bundles - 	Entry: C:\sts-4.24.0.RELEASE\plugins\org.eclipse.m2e.maven.runtime_3.9.700.20240602-2313\jars\maven-artifact-3.9.7.jar
2024-09-24 19:22:00,909 [Worker-20: Launching cleanpackage] INFO  o.eclipse.m2e.core.internal.Bundles - 	Entry: C:\sts-4.24.0.RELEASE\plugins\org.eclipse.m2e.maven.runtime_3.9.700.20240602-2313\jars\maven-builder-support-3.9.7.jar
2024-09-24 19:22:00,909 [Worker-20: Launching cleanpackage] INFO  o.eclipse.m2e.core.internal.Bundles - 	Entry: C:\sts-4.24.0.RELEASE\plugins\org.eclipse.m2e.maven.runtime_3.9.700.20240602-2313\jars\maven-compat-3.9.7.jar
2024-09-24 19:22:00,909 [Worker-20: Launching cleanpackage] INFO  o.eclipse.m2e.core.internal.Bundles - 	Entry: C:\sts-4.24.0.RELEASE\plugins\org.eclipse.m2e.maven.runtime_3.9.700.20240602-2313\jars\maven-core-3.9.7.jar
2024-09-24 19:22:00,910 [Worker-20: Launching cleanpackage] INFO  o.eclipse.m2e.core.internal.Bundles - 	Entry: C:\sts-4.24.0.RELEASE\plugins\org.eclipse.m2e.maven.runtime_3.9.700.20240602-2313\jars\maven-embedder-3.9.7.jar
2024-09-24 19:22:00,910 [Worker-20: Launching cleanpackage] INFO  o.eclipse.m2e.core.internal.Bundles - 	Entry: C:\sts-4.24.0.RELEASE\plugins\org.eclipse.m2e.maven.runtime_3.9.700.20240602-2313\jars\maven-model-3.9.7.jar
2024-09-24 19:22:00,911 [Worker-20: Launching cleanpackage] INFO  o.eclipse.m2e.core.internal.Bundles - 	Entry: C:\sts-4.24.0.RELEASE\plugins\org.eclipse.m2e.maven.runtime_3.9.700.20240602-2313\jars\maven-model-builder-3.9.7.jar
2024-09-24 19:22:00,912 [Worker-20: Launching cleanpackage] INFO  o.eclipse.m2e.core.internal.Bundles - 	Entry: C:\sts-4.24.0.RELEASE\plugins\org.eclipse.m2e.maven.runtime_3.9.700.20240602-2313\jars\maven-plugin-api-3.9.7.jar
2024-09-24 19:22:00,912 [Worker-20: Launching cleanpackage] INFO  o.eclipse.m2e.core.internal.Bundles - 	Entry: C:\sts-4.24.0.RELEASE\plugins\org.eclipse.m2e.maven.runtime_3.9.700.20240602-2313\jars\maven-repository-metadata-3.9.7.jar
2024-09-24 19:22:00,912 [Worker-20: Launching cleanpackage] INFO  o.eclipse.m2e.core.internal.Bundles - 	Entry: C:\sts-4.24.0.RELEASE\plugins\org.eclipse.m2e.maven.runtime_3.9.700.20240602-2313\jars\maven-resolver-api-1.9.20.jar
2024-09-24 19:22:00,912 [Worker-20: Launching cleanpackage] INFO  o.eclipse.m2e.core.internal.Bundles - 	Entry: C:\sts-4.24.0.RELEASE\plugins\org.eclipse.m2e.maven.runtime_3.9.700.20240602-2313\jars\maven-resolver-connector-basic-1.9.20.jar
2024-09-24 19:22:00,913 [Worker-20: Launching cleanpackage] INFO  o.eclipse.m2e.core.internal.Bundles - 	Entry: C:\sts-4.24.0.RELEASE\plugins\org.eclipse.m2e.maven.runtime_3.9.700.20240602-2313\jars\maven-resolver-impl-1.9.20.jar
2024-09-24 19:22:00,913 [Worker-20: Launching cleanpackage] INFO  o.eclipse.m2e.core.internal.Bundles - 	Entry: C:\sts-4.24.0.RELEASE\plugins\org.eclipse.m2e.maven.runtime_3.9.700.20240602-2313\jars\maven-resolver-named-locks-1.9.20.jar
2024-09-24 19:22:00,913 [Worker-20: Launching cleanpackage] INFO  o.eclipse.m2e.core.internal.Bundles - 	Entry: C:\sts-4.24.0.RELEASE\plugins\org.eclipse.m2e.maven.runtime_3.9.700.20240602-2313\jars\maven-resolver-provider-3.9.7.jar
2024-09-24 19:22:00,914 [Worker-20: Launching cleanpackage] INFO  o.eclipse.m2e.core.internal.Bundles - 	Entry: C:\sts-4.24.0.RELEASE\plugins\org.eclipse.m2e.maven.runtime_3.9.700.20240602-2313\jars\maven-resolver-spi-1.9.20.jar
2024-09-24 19:22:00,914 [Worker-20: Launching cleanpackage] INFO  o.eclipse.m2e.core.internal.Bundles - 	Entry: C:\sts-4.24.0.RELEASE\plugins\org.eclipse.m2e.maven.runtime_3.9.700.20240602-2313\jars\maven-resolver-transport-file-1.9.20.jar
2024-09-24 19:22:00,914 [Worker-20: Launching cleanpackage] INFO  o.eclipse.m2e.core.internal.Bundles - 	Entry: C:\sts-4.24.0.RELEASE\plugins\org.eclipse.m2e.maven.runtime_3.9.700.20240602-2313\jars\maven-resolver-transport-http-1.9.20.jar
2024-09-24 19:22:00,914 [Worker-20: Launching cleanpackage] INFO  o.eclipse.m2e.core.internal.Bundles - 	Entry: C:\sts-4.24.0.RELEASE\plugins\org.eclipse.m2e.maven.runtime_3.9.700.20240602-2313\jars\maven-resolver-transport-wagon-1.9.20.jar
2024-09-24 19:22:00,914 [Worker-20: Launching cleanpackage] INFO  o.eclipse.m2e.core.internal.Bundles - 	Entry: C:\sts-4.24.0.RELEASE\plugins\org.eclipse.m2e.maven.runtime_3.9.700.20240602-2313\jars\maven-resolver-util-1.9.20.jar
2024-09-24 19:22:00,915 [Worker-20: Launching cleanpackage] INFO  o.eclipse.m2e.core.internal.Bundles - 	Entry: C:\sts-4.24.0.RELEASE\plugins\org.eclipse.m2e.maven.runtime_3.9.700.20240602-2313\jars\maven-settings-3.9.7.jar
2024-09-24 19:22:00,915 [Worker-20: Launching cleanpackage] INFO  o.eclipse.m2e.core.internal.Bundles - 	Entry: C:\sts-4.24.0.RELEASE\plugins\org.eclipse.m2e.maven.runtime_3.9.700.20240602-2313\jars\maven-settings-builder-3.9.7.jar
2024-09-24 19:22:00,916 [Worker-20: Launching cleanpackage] INFO  o.eclipse.m2e.core.internal.Bundles - 	Entry: C:\sts-4.24.0.RELEASE\plugins\org.eclipse.m2e.maven.runtime_3.9.700.20240602-2313\jars\maven-shared-utils-3.4.2.jar
2024-09-24 19:22:00,916 [Worker-20: Launching cleanpackage] INFO  o.eclipse.m2e.core.internal.Bundles - 	Entry: C:\sts-4.24.0.RELEASE\plugins\org.eclipse.m2e.maven.runtime_3.9.700.20240602-2313\jars\org.eclipse.sisu.inject-0.9.0.M2.jar
2024-09-24 19:22:00,916 [Worker-20: Launching cleanpackage] INFO  o.eclipse.m2e.core.internal.Bundles - 	Entry: C:\sts-4.24.0.RELEASE\plugins\org.eclipse.m2e.maven.runtime_3.9.700.20240602-2313\jars\org.eclipse.sisu.plexus-0.9.0.M2.jar
2024-09-24 19:22:00,916 [Worker-20: Launching cleanpackage] INFO  o.eclipse.m2e.core.internal.Bundles - 	Entry: C:\sts-4.24.0.RELEASE\plugins\org.eclipse.m2e.maven.runtime_3.9.700.20240602-2313\jars\plexus-build-api-0.0.7.jar
2024-09-24 19:22:00,916 [Worker-20: Launching cleanpackage] INFO  o.eclipse.m2e.core.internal.Bundles - 	Entry: C:\sts-4.24.0.RELEASE\plugins\org.eclipse.m2e.maven.runtime_3.9.700.20240602-2313\jars\plexus-build-api-1.2.0.jar
2024-09-24 19:22:00,917 [Worker-20: Launching cleanpackage] INFO  o.eclipse.m2e.core.internal.Bundles - 	Entry: C:\sts-4.24.0.RELEASE\plugins\org.eclipse.m2e.maven.runtime_3.9.700.20240602-2313\jars\plexus-cipher-2.0.jar
2024-09-24 19:22:00,917 [Worker-20: Launching cleanpackage] INFO  o.eclipse.m2e.core.internal.Bundles - 	Entry: C:\sts-4.24.0.RELEASE\plugins\org.eclipse.m2e.maven.runtime_3.9.700.20240602-2313\jars\plexus-classworlds-2.8.0.jar
2024-09-24 19:22:00,917 [Worker-20: Launching cleanpackage] INFO  o.eclipse.m2e.core.internal.Bundles - 	Entry: C:\sts-4.24.0.RELEASE\plugins\org.eclipse.m2e.maven.runtime_3.9.700.20240602-2313\jars\plexus-component-annotations-2.1.0.jar
2024-09-24 19:22:00,917 [Worker-20: Launching cleanpackage] INFO  o.eclipse.m2e.core.internal.Bundles - 	Entry: C:\sts-4.24.0.RELEASE\plugins\org.eclipse.m2e.maven.runtime_3.9.700.20240602-2313\jars\plexus-interpolation-1.27.jar
2024-09-24 19:22:00,917 [Worker-20: Launching cleanpackage] INFO  o.eclipse.m2e.core.internal.Bundles - 	Entry: C:\sts-4.24.0.RELEASE\plugins\org.eclipse.m2e.maven.runtime_3.9.700.20240602-2313\jars\plexus-sec-dispatcher-2.0.jar
2024-09-24 19:22:00,918 [Worker-20: Launching cleanpackage] INFO  o.eclipse.m2e.core.internal.Bundles - 	Entry: C:\sts-4.24.0.RELEASE\plugins\org.eclipse.m2e.maven.runtime_3.9.700.20240602-2313\jars\plexus-utils-3.5.1.jar
2024-09-24 19:22:00,918 [Worker-20: Launching cleanpackage] INFO  o.eclipse.m2e.core.internal.Bundles - 	Entry: C:\sts-4.24.0.RELEASE\plugins\org.eclipse.m2e.maven.runtime_3.9.700.20240602-2313\jars\wagon-file-3.5.3.jar
2024-09-24 19:22:00,918 [Worker-20: Launching cleanpackage] INFO  o.eclipse.m2e.core.internal.Bundles - 	Entry: C:\sts-4.24.0.RELEASE\plugins\org.eclipse.m2e.maven.runtime_3.9.700.20240602-2313\jars\wagon-http-3.5.3.jar
2024-09-24 19:22:00,918 [Worker-20: Launching cleanpackage] INFO  o.eclipse.m2e.core.internal.Bundles - 	Entry: C:\sts-4.24.0.RELEASE\plugins\org.eclipse.m2e.maven.runtime_3.9.700.20240602-2313\jars\wagon-http-shared-3.5.3.jar
2024-09-24 19:22:00,918 [Worker-20: Launching cleanpackage] INFO  o.eclipse.m2e.core.internal.Bundles - 	Entry: C:\sts-4.24.0.RELEASE\plugins\org.eclipse.m2e.maven.runtime_3.9.700.20240602-2313\jars\wagon-provider-api-3.5.3.jar
2024-09-24 19:22:00,919 [Worker-20: Launching cleanpackage] INFO  o.eclipse.m2e.core.internal.Bundles - getClasspathEntries(Bundle=com.google.guava_33.2.0.jre [29])
2024-09-24 19:22:00,919 [Worker-20: Launching cleanpackage] INFO  o.eclipse.m2e.core.internal.Bundles - 	Entry: C:\sts-4.24.0.RELEASE\plugins\com.google.guava_33.2.0.jre.jar
2024-09-24 19:22:00,919 [Worker-20: Launching cleanpackage] INFO  o.eclipse.m2e.core.internal.Bundles - getClasspathEntries(Bundle=slf4j.api_2.0.13 [592])
2024-09-24 19:22:00,920 [Worker-20: Launching cleanpackage] INFO  o.eclipse.m2e.core.internal.Bundles - 	Entry: C:\sts-4.24.0.RELEASE\plugins\slf4j.api_2.0.13.jar
2024-09-24 19:22:00,920 [Worker-20: Launching cleanpackage] INFO  o.eclipse.m2e.core.internal.Bundles - getClasspathEntries(Bundle=jakarta.inject.jakarta.inject-api_1.0.5 [44])
2024-09-24 19:22:00,920 [Worker-20: Launching cleanpackage] INFO  o.eclipse.m2e.core.internal.Bundles - 	Entry: C:\sts-4.24.0.RELEASE\plugins\jakarta.inject.jakarta.inject-api_1.0.5.jar
2024-09-24 19:22:00,920 [Worker-20: Launching cleanpackage] INFO  o.eclipse.m2e.core.internal.Bundles - getClasspathEntries(Bundle=javax.annotation_1.3.5.v20200909-1856 [53])
2024-09-24 19:22:00,920 [Worker-20: Launching cleanpackage] INFO  o.eclipse.m2e.core.internal.Bundles - 	Entry: C:\sts-4.24.0.RELEASE\plugins\javax.annotation_1.3.5.v20200909-1856.jar
2024-09-24 19:22:00,920 [Worker-20: Launching cleanpackage] INFO  o.eclipse.m2e.core.internal.Bundles - getClasspathEntries(Bundle=org.apache.commons.cli_1.8.0 [76])
2024-09-24 19:22:00,921 [Worker-20: Launching cleanpackage] INFO  o.eclipse.m2e.core.internal.Bundles - 	Entry: C:\sts-4.24.0.RELEASE\plugins\org.apache.commons.cli_1.8.0.jar
2024-09-24 19:22:00,921 [Worker-20: Launching cleanpackage] INFO  o.eclipse.m2e.core.internal.Bundles - getClasspathEntries(Bundle=org.apache.commons.commons-codec_1.16.0 [78])
2024-09-24 19:22:00,921 [Worker-20: Launching cleanpackage] INFO  o.eclipse.m2e.core.internal.Bundles - 	Entry: C:\sts-4.24.0.RELEASE\plugins\org.apache.commons.commons-codec_1.16.0.jar
2024-09-24 19:22:00,921 [Worker-20: Launching cleanpackage] INFO  o.eclipse.m2e.core.internal.Bundles - getClasspathEntries(Bundle=org.apache.commons.lang3_3.14.0 [82])
2024-09-24 19:22:00,921 [Worker-20: Launching cleanpackage] INFO  o.eclipse.m2e.core.internal.Bundles - 	Entry: C:\sts-4.24.0.RELEASE\plugins\org.apache.commons.lang3_3.14.0.jar
2024-09-24 19:22:00,921 [Worker-20: Launching cleanpackage] INFO  o.eclipse.m2e.core.internal.Bundles - getClasspathEntries(Bundle=com.google.guava.failureaccess_1.0.2 [30])
2024-09-24 19:22:00,922 [Worker-20: Launching cleanpackage] INFO  o.eclipse.m2e.core.internal.Bundles - 	Entry: C:\sts-4.24.0.RELEASE\plugins\com.google.guava.failureaccess_1.0.2.jar
2024-09-24 19:22:00,926 [Worker-20: Launching cleanpackage] INFO  o.e.m.i.launch.MavenLaunchDelegate - Run build in "C:\Users\e031885\OneDrive - Telstra\Desktop\FinalProject\TeleconnectBackend\TeleconnectBackend":
2024-09-24 19:22:00,926 [Worker-20: Launching cleanpackage] INFO  o.e.m.i.launch.MavenLaunchDelegate -  mvn  -B -Dstyle.color=always clean package
2024-09-25 07:16:17,647 [Worker-1: Loading available Gradle versions] INFO  o.e.b.c.i.u.g.PublishedGradleVersions - Gradle version information cache is out-of-date. Trying to update.
2024-09-25 07:17:45,644 [Worker-1: Check for devtools] WARN  o.e.m.c.i.embedder.EclipseLogger - The artifact mysql:mysql-connector-java:jar:8.0.33 has been relocated to com.mysql:mysql-connector-j:jar:8.0.33: MySQL Connector/J artifacts moved to reverse-DNS compliant Maven 2+ coordinates.
2024-09-25 07:21:33,532 [Worker-19: Building] INFO  o.a.m.s.f.DefaultMavenResourcesFiltering - Copying 1 resource from src\main\resources to target\classes
2024-09-25 07:21:33,557 [Worker-19: Building] INFO  o.a.m.s.f.DefaultMavenResourcesFiltering - Copying 82 resources from src\main\resources to target\classes
2024-09-25 07:21:34,034 [Worker-19: Building] INFO  o.a.m.s.f.DefaultMavenResourcesFiltering - skip non existing resourceDirectory C:\Users\e031885\OneDrive - Telstra\Desktop\FinalProject\TeleconnectBackend\TeleconnectBackend\src\test\resources
2024-09-25 07:22:31,859 [Worker-4: Building] INFO  o.e.m.c.i.l.LifecycleMappingFactory - Using org.eclipse.m2e.jdt.JarLifecycleMapping lifecycle mapping for MavenProject: com.teleconnect:TeleconnectBackend:0.0.1-SNAPSHOT @ C:\Users\e031885\OneDrive - Telstra\Desktop\FinalProject\TeleconnectBackend\TeleconnectBackend\pom.xml.
2024-09-25 07:22:34,975 [Worker-4: Building] WARN  o.e.m.c.i.embedder.EclipseLogger - The artifact mysql:mysql-connector-java:jar:8.0.33 has been relocated to com.mysql:mysql-connector-j:jar:8.0.33: MySQL Connector/J artifacts moved to reverse-DNS compliant Maven 2+ coordinates.
2024-09-25 07:22:36,063 [Worker-4: Building] INFO  o.a.m.s.f.DefaultMavenResourcesFiltering - Copying 0 resource from src\main\resources to target\classes
2024-09-25 07:22:36,245 [Worker-4: Building] INFO  o.a.m.s.f.DefaultMavenResourcesFiltering - Copying 0 resource from src\main\resources to target\classes
2024-09-25 07:22:36,249 [Worker-4: Building] INFO  o.a.m.s.f.DefaultMavenResourcesFiltering - skip non existing resourceDirectory C:\Users\e031885\OneDrive - Telstra\Desktop\FinalProject\TeleconnectBackend\TeleconnectBackend\src\test\resources
2024-09-25 07:22:41,030 [Worker-19: Building] INFO  o.a.m.s.f.DefaultMavenResourcesFiltering - Copying 1 resource from src\main\resources to target\classes
2024-09-25 07:22:41,073 [Worker-19: Building] INFO  o.a.m.s.f.DefaultMavenResourcesFiltering - Copying 82 resources from src\main\resources to target\classes
2024-09-25 07:22:42,049 [Worker-19: Building] INFO  o.a.m.s.f.DefaultMavenResourcesFiltering - skip non existing resourceDirectory C:\Users\e031885\OneDrive - Telstra\Desktop\FinalProject\TeleconnectBackend\TeleconnectBackend\src\test\resources
2024-09-25 07:29:45,982 [Worker-26: Building] INFO  o.a.m.s.f.DefaultMavenResourcesFiltering - Copying 1 resource from src\main\resources to target\classes
2024-09-25 07:29:46,140 [Worker-26: Building] INFO  o.a.m.s.f.DefaultMavenResourcesFiltering - Copying 82 resources from src\main\resources to target\classes
2024-09-25 07:29:47,684 [Worker-26: Building] INFO  o.a.m.s.f.DefaultMavenResourcesFiltering - skip non existing resourceDirectory C:\Users\e031885\OneDrive - Telstra\Desktop\FinalProject\TeleconnectBackend\TeleconnectBackend\src\test\resources
2024-09-25 07:30:26,084 [Worker-7: Building] INFO  o.a.m.s.f.DefaultMavenResourcesFiltering - Copying 1 resource from src\main\resources to target\classes
2024-09-25 07:30:26,124 [Worker-7: Building] INFO  o.a.m.s.f.DefaultMavenResourcesFiltering - Copying 82 resources from src\main\resources to target\classes
2024-09-25 07:30:26,724 [Worker-7: Building] INFO  o.a.m.s.f.DefaultMavenResourcesFiltering - skip non existing resourceDirectory C:\Users\e031885\OneDrive - Telstra\Desktop\FinalProject\TeleconnectBackend\TeleconnectBackend\src\test\resources
2024-09-25 07:31:07,484 [Worker-7: Building] INFO  o.a.m.s.f.DefaultMavenResourcesFiltering - Copying 1 resource from src\main\resources to target\classes
2024-09-25 07:31:07,531 [Worker-7: Building] INFO  o.a.m.s.f.DefaultMavenResourcesFiltering - Copying 82 resources from src\main\resources to target\classes
2024-09-25 07:31:08,085 [Worker-7: Building] INFO  o.a.m.s.f.DefaultMavenResourcesFiltering - skip non existing resourceDirectory C:\Users\e031885\OneDrive - Telstra\Desktop\FinalProject\TeleconnectBackend\TeleconnectBackend\src\test\resources
2024-09-25 07:31:25,324 [Worker-7: Building] INFO  o.a.m.s.f.DefaultMavenResourcesFiltering - Copying 1 resource from src\main\resources to target\classes
2024-09-25 07:31:25,392 [Worker-7: Building] INFO  o.a.m.s.f.DefaultMavenResourcesFiltering - Copying 82 resources from src\main\resources to target\classes
2024-09-25 07:31:26,100 [Worker-7: Building] INFO  o.a.m.s.f.DefaultMavenResourcesFiltering - skip non existing resourceDirectory C:\Users\e031885\OneDrive - Telstra\Desktop\FinalProject\TeleconnectBackend\TeleconnectBackend\src\test\resources
2024-09-25 07:31:54,746 [Worker-23: Building] INFO  o.a.m.s.f.DefaultMavenResourcesFiltering - Copying 1 resource from src\main\resources to target\classes
2024-09-25 07:31:54,783 [Worker-23: Building] INFO  o.a.m.s.f.DefaultMavenResourcesFiltering - Copying 82 resources from src\main\resources to target\classes
2024-09-25 07:31:55,452 [Worker-23: Building] INFO  o.a.m.s.f.DefaultMavenResourcesFiltering - skip non existing resourceDirectory C:\Users\e031885\OneDrive - Telstra\Desktop\FinalProject\TeleconnectBackend\TeleconnectBackend\src\test\resources
2024-09-25 07:32:05,910 [Worker-29: Building] INFO  o.a.m.s.f.DefaultMavenResourcesFiltering - Copying 1 resource from src\main\resources to target\classes
2024-09-25 07:32:05,976 [Worker-29: Building] INFO  o.a.m.s.f.DefaultMavenResourcesFiltering - Copying 82 resources from src\main\resources to target\classes
2024-09-25 07:32:06,880 [Worker-29: Building] INFO  o.a.m.s.f.DefaultMavenResourcesFiltering - skip non existing resourceDirectory C:\Users\e031885\OneDrive - Telstra\Desktop\FinalProject\TeleconnectBackend\TeleconnectBackend\src\test\resources
2024-09-25 07:32:19,217 [Worker-26: Building] INFO  o.a.m.s.f.DefaultMavenResourcesFiltering - Copying 1 resource from src\main\resources to target\classes
2024-09-25 07:32:19,251 [Worker-26: Building] INFO  o.a.m.s.f.DefaultMavenResourcesFiltering - Copying 82 resources from src\main\resources to target\classes
2024-09-25 07:32:19,847 [Worker-26: Building] INFO  o.a.m.s.f.DefaultMavenResourcesFiltering - skip non existing resourceDirectory C:\Users\e031885\OneDrive - Telstra\Desktop\FinalProject\TeleconnectBackend\TeleconnectBackend\src\test\resources
2024-09-25 07:33:11,570 [Worker-23: Building] INFO  o.a.m.s.f.DefaultMavenResourcesFiltering - Copying 1 resource from src\main\resources to target\classes
2024-09-25 07:33:11,650 [Worker-23: Building] INFO  o.a.m.s.f.DefaultMavenResourcesFiltering - Copying 82 resources from src\main\resources to target\classes
2024-09-25 07:33:12,968 [Worker-23: Building] INFO  o.a.m.s.f.DefaultMavenResourcesFiltering - skip non existing resourceDirectory C:\Users\e031885\OneDrive - Telstra\Desktop\FinalProject\TeleconnectBackend\TeleconnectBackend\src\test\resources
2024-09-25 07:33:35,824 [Worker-26: Building] INFO  o.a.m.s.f.DefaultMavenResourcesFiltering - Copying 1 resource from src\main\resources to target\classes
2024-09-25 07:33:35,866 [Worker-26: Building] INFO  o.a.m.s.f.DefaultMavenResourcesFiltering - Copying 82 resources from src\main\resources to target\classes
2024-09-25 07:33:36,389 [Worker-26: Building] INFO  o.a.m.s.f.DefaultMavenResourcesFiltering - skip non existing resourceDirectory C:\Users\e031885\OneDrive - Telstra\Desktop\FinalProject\TeleconnectBackend\TeleconnectBackend\src\test\resources
2024-09-25 07:35:29,517 [Worker-30: Building] INFO  o.a.m.s.f.DefaultMavenResourcesFiltering - Copying 1 resource from src\main\resources to target\classes
2024-09-25 07:35:29,656 [Worker-30: Building] INFO  o.a.m.s.f.DefaultMavenResourcesFiltering - Copying 82 resources from src\main\resources to target\classes
2024-09-25 07:35:30,454 [Worker-30: Building] INFO  o.a.m.s.f.DefaultMavenResourcesFiltering - skip non existing resourceDirectory C:\Users\e031885\OneDrive - Telstra\Desktop\FinalProject\TeleconnectBackend\TeleconnectBackend\src\test\resources
2024-09-25 07:36:15,674 [Worker-26: Building] INFO  o.a.m.s.f.DefaultMavenResourcesFiltering - Copying 1 resource from src\main\resources to target\classes
2024-09-25 07:36:15,749 [Worker-26: Building] INFO  o.a.m.s.f.DefaultMavenResourcesFiltering - Copying 82 resources from src\main\resources to target\classes
2024-09-25 07:36:17,668 [Worker-26: Building] INFO  o.a.m.s.f.DefaultMavenResourcesFiltering - skip non existing resourceDirectory C:\Users\e031885\OneDrive - Telstra\Desktop\FinalProject\TeleconnectBackend\TeleconnectBackend\src\test\resources
2024-09-25 07:37:07,085 [Worker-26: Updating Maven Project] INFO  o.e.m.c.i.p.ProjectConfigurationManager - Update started
2024-09-25 07:37:09,794 [Worker-26: Updating Maven Project] INFO  o.e.m.c.i.l.LifecycleMappingFactory - Using org.eclipse.m2e.jdt.JarLifecycleMapping lifecycle mapping for MavenProject: com.teleconnect:TeleconnectBackend:0.0.1-SNAPSHOT @ C:\Users\e031885\OneDrive - Telstra\Desktop\FinalProject\TeleconnectBackend\TeleconnectBackend\pom.xml.
2024-09-25 07:37:13,198 [Worker-26: Updating Maven Project] WARN  o.e.m.c.i.embedder.EclipseLogger - The artifact mysql:mysql-connector-java:jar:8.0.33 has been relocated to com.mysql:mysql-connector-j:jar:8.0.33: MySQL Connector/J artifacts moved to reverse-DNS compliant Maven 2+ coordinates.
2024-09-25 07:37:14,512 [Worker-26: Updating Maven Project] INFO  o.e.m.j.i.AbstractJavaProjectConfigurator - Adding source folder /TeleconnectBackend/src/main/java
2024-09-25 07:37:14,521 [Worker-26: Updating Maven Project] INFO  o.e.m.j.i.AbstractJavaProjectConfigurator - Adding resource folder /TeleconnectBackend/src/main/resources
2024-09-25 07:37:14,524 [Worker-26: Updating Maven Project] INFO  o.e.m.j.i.AbstractJavaProjectConfigurator - Adding resource folder /TeleconnectBackend/src/main/resources
2024-09-25 07:37:14,526 [Worker-26: Updating Maven Project] INFO  o.e.m.j.i.AbstractJavaProjectConfigurator - Adding source folder /TeleconnectBackend/src/test/java
2024-09-25 07:37:14,528 [Worker-26: Updating Maven Project] INFO  o.e.m.j.i.AbstractJavaProjectConfigurator - Adding resource folder /TeleconnectBackend/src/test/resources
2024-09-25 07:37:17,129 [Worker-26: Updating Maven Project] INFO  o.e.m.c.i.p.ProjectConfigurationManager - Update completed for 1 poms: local refresh takes 0.00 sec, refresh facades takes 6.00 sec, update config takes 1.00 sec 
2024-09-25 07:37:18,772 [Worker-21: Building] INFO  o.a.m.s.f.DefaultMavenResourcesFiltering - Copying 1 resource from src\main\resources to target\classes
2024-09-25 07:37:18,804 [Worker-21: Building] INFO  o.a.m.s.f.DefaultMavenResourcesFiltering - Copying 82 resources from src\main\resources to target\classes
2024-09-25 07:37:19,915 [Worker-21: Building] INFO  o.a.m.s.f.DefaultMavenResourcesFiltering - skip non existing resourceDirectory C:\Users\e031885\OneDrive - Telstra\Desktop\FinalProject\TeleconnectBackend\TeleconnectBackend\src\test\resources
2024-09-25 07:40:06,617 [Worker-30: Building] INFO  o.a.m.s.f.DefaultMavenResourcesFiltering - Copying 1 resource from src\main\resources to target\classes
2024-09-25 07:40:06,650 [Worker-30: Building] INFO  o.a.m.s.f.DefaultMavenResourcesFiltering - Copying 82 resources from src\main\resources to target\classes
2024-09-25 07:40:07,104 [Worker-30: Building] INFO  o.a.m.s.f.DefaultMavenResourcesFiltering - skip non existing resourceDirectory C:\Users\e031885\OneDrive - Telstra\Desktop\FinalProject\TeleconnectBackend\TeleconnectBackend\src\test\resources
2024-09-25 07:46:25,197 [Worker-34: Building] INFO  o.a.m.s.f.DefaultMavenResourcesFiltering - Copying 1 resource from src\main\resources to target\classes
2024-09-25 07:46:25,275 [Worker-34: Building] INFO  o.a.m.s.f.DefaultMavenResourcesFiltering - Copying 82 resources from src\main\resources to target\classes
2024-09-25 07:46:26,733 [Worker-34: Building] INFO  o.a.m.s.f.DefaultMavenResourcesFiltering - skip non existing resourceDirectory C:\Users\e031885\OneDrive - Telstra\Desktop\FinalProject\TeleconnectBackend\TeleconnectBackend\src\test\resources
2024-09-25 07:53:32,051 [Worker-40: Building] INFO  o.a.m.s.f.DefaultMavenResourcesFiltering - Copying 1 resource from src\main\resources to target\classes
